<?xml version="1.0" encoding="UTF-8"?>
<!-- Generated by org.testng.reporters.JUnitReportReporter -->
<testsuite hostname="Desktop-Osama" failures="0" tests="1" name="tests.LoginBeforeChekout" time="30.270" errors="0" timestamp="2025-05-13T22:26:07 EEST" skipped="0">
  <testcase classname="tests.LoginBeforeChekout" name="placeOrder" time="30.270"/>
</testsuite> <!-- tests.LoginBeforeChekout -->
