<?xml version="1.0" encoding="UTF-8"?>
<!-- Generated by org.testng.reporters.JUnitReportReporter -->
<testsuite hostname="Desktop-Osama" failures="0" tests="1" name="tests.AddProductsToCart" time="10.672" errors="0" timestamp="2025-05-13T21:56:48 EEST" skipped="0">
  <testcase classname="tests.AddProductsToCart" name="verifyAdding" time="10.672"/>
</testsuite> <!-- tests.AddProductsToCart -->
