<?xml version="1.0" encoding="UTF-8"?>
<!-- Generated by org.testng.reporters.JUnitReportReporter -->
<testsuite hostname="Desktop-Osama" failures="0" tests="1" name="tests.AddToCart" time="0.006" errors="1" timestamp="2025-05-09T17:34:10 EEST" skipped="0">
  <testcase classname="tests.AddToCart" name="f" time="0.006">
    <error message="Unresolved compilation problems: 
	void[] is an invalid type
	Syntax error on token &quot;theProductsListIsVisible&quot;, AnnotationName expected after this token
	Illegal modifier for parameter theProductsListIsVisible; only final is permitted
	Syntax error, insert &quot;[ ]&quot; to complete Dimension
	Syntax error, insert &quot;;&quot; to complete BlockStatements
	void[] is an invalid type
	Syntax error on token &quot;clickOnViewProductOfFirstProduct&quot;, AnnotationName expected after this token
	Illegal modifier for parameter clickOnViewProductOfFirstProduct; only final is permitted
	Syntax error, insert &quot;[ ]&quot; to complete Dimension
	Syntax error, insert &quot;;&quot; to complete LocalVariableDeclarationStatement
	void[] is an invalid type
	Syntax error on token &quot;userIsLandedToProductDetailPage&quot;, AnnotationName expected after this token
	Illegal modifier for parameter userIsLandedToProductDetailPage; only final is permitted
	Syntax error, insert &quot;[ ]&quot; to complete Dimension
	Syntax error, insert &quot;;&quot; to complete LocalVariableDeclarationStatement
	void[] is an invalid type
	Syntax error on token &quot;verifyThatDetailDetailIsVisibleProductNameCategoryPriceAvailabilityConditionBrand&quot;, AnnotationName expected after this token
	Illegal modifier for parameter verifyThatDetailDetailIsVisibleProductNameCategoryPriceAvailabilityConditionBrand; only final is permitted
	Syntax error, insert &quot;[ ]&quot; to complete Dimension
	Syntax error, insert &quot;;&quot; to complete LocalVariableDeclarationStatement
	void is an invalid type for the variable enterProductNameInSearchInputAndClickSearchButton
	Syntax error on token &quot;(&quot;, ; expected
	Syntax error on token &quot;)&quot;, ; expected
	The method enterProductNameInSearchInputAndClickSearchButton(String) is undefined for the type Products
	void is an invalid type for the variable verifyySEARCHEDPRODUCTSIsVisible
	Syntax error on token &quot;(&quot;, ; expected
	Syntax error on token &quot;)&quot;, ; expected
	The method verifyySEARCHEDPRODUCTSIsVisible(String) is undefined for the type Products
	void[] is an invalid type
	Syntax error on token &quot;verifyAllTheProductsRelatedToSearchAreVisible&quot;, AnnotationName expected after this token
	Illegal modifier for parameter verifyAllTheProductsRelatedToSearchAreVisible; only final is permitted
	Syntax error, insert &quot;[ ]&quot; to complete Dimension
	Syntax error, insert &quot;;&quot; to complete LocalVariableDeclarationStatement
	The method verifyAllTheProductsRelatedToSearchAreVisible() is undefined for the type Products
	void[] is an invalid type
	Syntax error on token &quot;hoverOverFirstProductAndClickAddToCart&quot;, AnnotationName expected after this token
	Illegal modifier for parameter hoverOverFirstProductAndClickAddToCart; only final is permitted
	Syntax error, insert &quot;)&quot; to complete NormalAnnotation
	Syntax error, insert &quot;[ ]&quot; to complete Dimension
	Syntax error, insert &quot;;&quot; to complete LocalVariableDeclarationStatement
	Syntax error on token &quot;clickContinueShoppingButton&quot;, AnnotationName expected after this token
	Syntax error, insert &quot;)&quot; to complete NormalAnnotation
	Syntax error, insert &quot;[ ]&quot; to complete Dimension
	Syntax error, insert &quot;;&quot; to complete LocalVariableDeclarationStatement
	Syntax error on token &quot;hoverOverSecondProductAndClickAddToCart&quot;, AnnotationName expected after this token
	Syntax error, insert &quot;)&quot; to complete NormalAnnotation
	Syntax error, insert &quot;[ ]&quot; to complete Dimension
	Syntax error, insert &quot;;&quot; to complete LocalVariableDeclarationStatement
	Syntax error on token &quot;clickViewCartButton&quot;, AnnotationName expected after this token
	Syntax error, insert &quot;)&quot; to complete NormalAnnotation
	Syntax error, insert &quot;[ ]&quot; to complete Dimension
	Syntax error, insert &quot;;&quot; to complete LocalVariableDeclarationStatement
	Syntax error on token &quot;verifyBothProductsAreAddedToCart&quot;, AnnotationName expected after this token
	Syntax error, insert &quot;[ ]&quot; to complete Dimension
	Syntax error, insert &quot;;&quot; to complete LocalVariableDeclarationStatement
	Syntax error on token &quot;verifyTheirPricesQuantityAndTotalPrice&quot;, AnnotationName expected after this token
	Syntax error, insert &quot;[ ]&quot; to complete Dimension
	Syntax error, insert &quot;;&quot; to complete LocalVariableDeclarationStatement
	Syntax error on token &quot;clickViewProductForAnyProductOnHomePage&quot;, AnnotationName expected after this token
	Syntax error, insert &quot;)&quot; to complete NormalAnnotation
	Syntax error, insert &quot;[ ]&quot; to complete Dimension
	Syntax error, insert &quot;;&quot; to complete LocalVariableDeclarationStatement
	Syntax error on token &quot;(&quot;, ; expected
	Syntax error on token &quot;)&quot;, ; expected
	Syntax error on token &quot;clickAddToCartButton&quot;, AnnotationName expected after this token
	Syntax error, insert &quot;[ ]&quot; to complete Dimension
	Syntax error, insert &quot;;&quot; to complete LocalVariableDeclarationStatement
	Syntax error on token &quot;verifyThatProductIsDisplayedInCartPageWithExactQuantity&quot;, AnnotationName expected after this token
	Syntax error, insert &quot;[ ]&quot; to complete Dimension
	Syntax error, insert &quot;;&quot; to complete LocalVariableDeclarationStatement
" type="java.lang.Error">
      <![CDATA[java.lang.Error: Unresolved compilation problems: 
void[] is an invalid type
Syntax error on token "theProductsListIsVisible", AnnotationName expected after this token
Illegal modifier for parameter theProductsListIsVisible; only final is permitted
Syntax error, insert "[ ]" to complete Dimension
Syntax error, insert ";" to complete BlockStatements
void[] is an invalid type
Syntax error on token "clickOnViewProductOfFirstProduct", AnnotationName expected after this token
Illegal modifier for parameter clickOnViewProductOfFirstProduct; only final is permitted
Syntax error, insert "[ ]" to complete Dimension
Syntax error, insert ";" to complete LocalVariableDeclarationStatement
void[] is an invalid type
Syntax error on token "userIsLandedToProductDetailPage", AnnotationName expected after this token
Illegal modifier for parameter userIsLandedToProductDetailPage; only final is permitted
Syntax error, insert "[ ]" to complete Dimension
Syntax error, insert ";" to complete LocalVariableDeclarationStatement
void[] is an invalid type
Syntax error on token "verifyThatDetailDetailIsVisibleProductNameCategoryPriceAvailabilityConditionBrand", AnnotationName expected after this token
Illegal modifier for parameter verifyThatDetailDetailIsVisibleProductNameCategoryPriceAvailabilityConditionBrand; only final is permitted
Syntax error, insert "[ ]" to complete Dimension
Syntax error, insert ";" to complete LocalVariableDeclarationStatement
void is an invalid type for the variable enterProductNameInSearchInputAndClickSearchButton
Syntax error on token "(", ; expected
Syntax error on token ")", ; expected
The method enterProductNameInSearchInputAndClickSearchButton(String) is undefined for the type Products
void is an invalid type for the variable verifyySEARCHEDPRODUCTSIsVisible
Syntax error on token "(", ; expected
Syntax error on token ")", ; expected
The method verifyySEARCHEDPRODUCTSIsVisible(String) is undefined for the type Products
void[] is an invalid type
Syntax error on token "verifyAllTheProductsRelatedToSearchAreVisible", AnnotationName expected after this token
Illegal modifier for parameter verifyAllTheProductsRelatedToSearchAreVisible; only final is permitted
Syntax error, insert "[ ]" to complete Dimension
Syntax error, insert ";" to complete LocalVariableDeclarationStatement
The method verifyAllTheProductsRelatedToSearchAreVisible() is undefined for the type Products
void[] is an invalid type
Syntax error on token "hoverOverFirstProductAndClickAddToCart", AnnotationName expected after this token
Illegal modifier for parameter hoverOverFirstProductAndClickAddToCart; only final is permitted
Syntax error, insert ")" to complete NormalAnnotation
Syntax error, insert "[ ]" to complete Dimension
Syntax error, insert ";" to complete LocalVariableDeclarationStatement
Syntax error on token "clickContinueShoppingButton", AnnotationName expected after this token
Syntax error, insert ")" to complete NormalAnnotation
Syntax error, insert "[ ]" to complete Dimension
Syntax error, insert ";" to complete LocalVariableDeclarationStatement
Syntax error on token "hoverOverSecondProductAndClickAddToCart", AnnotationName expected after this token
Syntax error, insert ")" to complete NormalAnnotation
Syntax error, insert "[ ]" to complete Dimension
Syntax error, insert ";" to complete LocalVariableDeclarationStatement
Syntax error on token "clickViewCartButton", AnnotationName expected after this token
Syntax error, insert ")" to complete NormalAnnotation
Syntax error, insert "[ ]" to complete Dimension
Syntax error, insert ";" to complete LocalVariableDeclarationStatement
Syntax error on token "verifyBothProductsAreAddedToCart", AnnotationName expected after this token
Syntax error, insert "[ ]" to complete Dimension
Syntax error, insert ";" to complete LocalVariableDeclarationStatement
Syntax error on token "verifyTheirPricesQuantityAndTotalPrice", AnnotationName expected after this token
Syntax error, insert "[ ]" to complete Dimension
Syntax error, insert ";" to complete LocalVariableDeclarationStatement
Syntax error on token "clickViewProductForAnyProductOnHomePage", AnnotationName expected after this token
Syntax error, insert ")" to complete NormalAnnotation
Syntax error, insert "[ ]" to complete Dimension
Syntax error, insert ";" to complete LocalVariableDeclarationStatement
Syntax error on token "(", ; expected
Syntax error on token ")", ; expected
Syntax error on token "clickAddToCartButton", AnnotationName expected after this token
Syntax error, insert "[ ]" to complete Dimension
Syntax error, insert ";" to complete LocalVariableDeclarationStatement
Syntax error on token "verifyThatProductIsDisplayedInCartPageWithExactQuantity", AnnotationName expected after this token
Syntax error, insert "[ ]" to complete Dimension
Syntax error, insert ";" to complete LocalVariableDeclarationStatement

at tests.AddToCart.f(AddToCart.java:18)
at java.base/jdk.internal.reflect.DirectMethodHandleAccessor.invoke(DirectMethodHandleAccessor.java:103)
at java.base/java.lang.reflect.Method.invoke(Method.java:580)
at org.testng.internal.invokers.MethodInvocationHelper.invokeMethod(MethodInvocationHelper.java:141)
at org.testng.internal.invokers.TestInvoker.invokeMethod(TestInvoker.java:687)
at org.testng.internal.invokers.TestInvoker.invokeTestMethod(TestInvoker.java:230)
at org.testng.internal.invokers.MethodRunner.runInSequence(MethodRunner.java:63)
at org.testng.internal.invokers.TestInvoker$MethodInvocationAgent.invoke(TestInvoker.java:995)
at org.testng.internal.invokers.TestInvoker.invokeTestMethods(TestInvoker.java:203)
at org.testng.internal.invokers.TestMethodWorker.invokeTestMethods(TestMethodWorker.java:154)
at org.testng.internal.invokers.TestMethodWorker.run(TestMethodWorker.java:134)
at java.base/java.util.ArrayList.forEach(ArrayList.java:1597)
at org.testng.TestRunner.privateRun(TestRunner.java:741)
at org.testng.TestRunner.run(TestRunner.java:616)
at org.testng.SuiteRunner.runTest(SuiteRunner.java:421)
at org.testng.SuiteRunner.runSequentially(SuiteRunner.java:413)
at org.testng.SuiteRunner.privateRun(SuiteRunner.java:373)
at org.testng.SuiteRunner.run(SuiteRunner.java:312)
at org.testng.SuiteRunnerWorker.runSuite(SuiteRunnerWorker.java:52)
at org.testng.SuiteRunnerWorker.run(SuiteRunnerWorker.java:95)
at org.testng.TestNG.runSuitesSequentially(TestNG.java:1274)
at org.testng.TestNG.runSuitesLocally(TestNG.java:1208)
at org.testng.TestNG.runSuites(TestNG.java:1112)
at org.testng.TestNG.run(TestNG.java:1079)
at org.testng.remote.AbstractRemoteTestNG.run(AbstractRemoteTestNG.java:115)
at org.testng.remote.RemoteTestNG.initAndRun(RemoteTestNG.java:293)
at org.testng.remote.RemoteTestNG.main(RemoteTestNG.java:91)
]]>
    </error>
  </testcase> <!-- f -->
</testsuite> <!-- tests.AddToCart -->
