<?xml version="1.0" encoding="UTF-8"?>
<!-- Generated by org.testng.reporters.JUnitReportReporter -->
<testsuite hostname="Desktop-Osama" failures="0" tests="1" name="tests.SubscriptionINcart" time="1.096" errors="0" timestamp="2025-05-13T21:56:22 EEST" skipped="0">
  <testcase classname="tests.SubscriptionINcart" name="subscribtion_mail" time="1.096"/>
</testsuite> <!-- tests.SubscriptionINcart -->
