<?xml version="1.0" encoding="UTF-8"?>
<!-- Generated by org.testng.reporters.JUnitReportReporter -->
<testsuite hostname="Desktop-Osama" failures="0" tests="1" name="tests.VerifyProductQuantity" time="7.269" errors="0" timestamp="2025-05-13T21:57:41 EEST" skipped="0">
  <testcase classname="tests.VerifyProductQuantity" name="productQuantity" time="7.269"/>
</testsuite> <!-- tests.VerifyProductQuantity -->
